# JRE version: OpenJDK Runtime Environment (8.0_242-b01) (build 1.8.0_242-release-1644-b01)
# Java VM: OpenJDK 64-Bit Server VM (25.242-b01 mixed mode windows-amd64 compressed oops)
Heap:
 PSYoungGen      total 347136K, used 81897K [0x00000000d5580000, 0x00000000f5380000, 0x0000000100000000)
  eden space 265216K, 0% used [0x00000000d5580000,0x00000000d5580000,0x00000000e5880000)
  from space 81920K, 99% used [0x00000000ec580000,0x00000000f157a4e8,0x00000000f1580000)
  to   space 111616K, 0% used [0x00000000e5880000,0x00000000e5880000,0x00000000ec580000)
 ParOldGen       total 156672K, used 155445K [0x0000000080000000, 0x0000000089900000, 0x00000000d5580000)
  object space 156672K, 99% used [0x0000000080000000,0x00000000897cd4a8,0x0000000089900000)
 Metaspace       used 91354K, capacity 97024K, committed 97240K, reserved 1132544K
  class space    used 12294K, capacity 13284K, committed 13312K, reserved 1048576K
GC Heap History (10 events):
Event: 69.337 GC heap after
Heap after GC invocations=16 (full 3):
 PSYoungGen      total 264704K, used 23015K [0x00000000d5580000, 0x00000000e9b80000, 0x0000000100000000)
  eden space 241664K, 0% used [0x00000000d5580000,0x00000000d5580000,0x00000000e4180000)
  from space 23040K, 99% used [0x00000000e4180000,0x00000000e57f9c10,0x00000000e5800000)
  to   space 28672K, 0% used [0x00000000e7f80000,0x00000000e7f80000,0x00000000e9b80000)
 ParOldGen       total 156672K, used 38358K [0x0000000080000000, 0x0000000089900000, 0x00000000d5580000)
  object space 156672K, 24% used [0x0000000080000000,0x0000000082575800,0x0000000089900000)
 Metaspace       used 74870K, capacity 78510K, committed 78808K, reserved 1118208K
  class space    used 10034K, capacity 10690K, committed 10752K, reserved 1048576K
}
Event: 106.110 GC heap before
{Heap before GC invocations=17 (full 3):
 PSYoungGen      total 264704K, used 264679K [0x00000000d5580000, 0x00000000e9b80000, 0x0000000100000000)
  eden space 241664K, 100% used [0x00000000d5580000,0x00000000e4180000,0x00000000e4180000)
  from space 23040K, 99% used [0x00000000e4180000,0x00000000e57f9c10,0x00000000e5800000)
  to   space 28672K, 0% used [0x00000000e7f80000,0x00000000e7f80000,0x00000000e9b80000)
 ParOldGen       total 156672K, used 38358K [0x0000000080000000, 0x0000000089900000, 0x00000000d5580000)
  object space 156672K, 24% used [0x0000000080000000,0x0000000082575800,0x0000000089900000)
 Metaspace       used 75856K, capacity 79650K, committed 79832K, reserved 1118208K
  class space    used 10061K, capacity 10732K, committed 10752K, reserved 1048576K
Event: 106.148 GC heap after
Heap after GC invocations=17 (full 3):
 PSYoungGen      total 301056K, used 27877K [0x00000000d5580000, 0x00000000e9f80000, 0x0000000100000000)
  eden space 272384K, 0% used [0x00000000d5580000,0x00000000d5580000,0x00000000e5f80000)
  from space 28672K, 97% used [0x00000000e7f80000,0x00000000e9ab97e0,0x00000000e9b80000)
  to   space 32768K, 0% used [0x00000000e5f80000,0x00000000e5f80000,0x00000000e7f80000)
 ParOldGen       total 156672K, used 38366K [0x0000000080000000, 0x0000000089900000, 0x00000000d5580000)
  object space 156672K, 24% used [0x0000000080000000,0x0000000082577800,0x0000000089900000)
 Metaspace       used 75856K, capacity 79650K, committed 79832K, reserved 1118208K
  class space    used 10061K, capacity 10732K, committed 10752K, reserved 1048576K
}
Event: 210.517 GC heap before
{Heap before GC invocations=18 (full 3):
 PSYoungGen      total 301056K, used 300261K [0x00000000d5580000, 0x00000000e9f80000, 0x0000000100000000)
  eden space 272384K, 100% used [0x00000000d5580000,0x00000000e5f80000,0x00000000e5f80000)
  from space 28672K, 97% used [0x00000000e7f80000,0x00000000e9ab97e0,0x00000000e9b80000)
  to   space 32768K, 0% used [0x00000000e5f80000,0x00000000e5f80000,0x00000000e7f80000)
 ParOldGen       total 156672K, used 38366K [0x0000000080000000, 0x0000000089900000, 0x00000000d5580000)
  object space 156672K, 24% used [0x0000000080000000,0x0000000082577800,0x0000000089900000)
 Metaspace       used 79163K, capacity 83324K, committed 83416K, reserved 1122304K
  class space    used 10488K, capacity 11216K, committed 11264K, reserved 1048576K
Event: 210.571 GC heap after
Heap after GC invocations=18 (full 3):
 PSYoungGen      total 305152K, used 32741K [0x00000000d5580000, 0x00000000ec780000, 0x0000000100000000)
  eden space 272384K, 0% used [0x00000000d5580000,0x00000000d5580000,0x00000000e5f80000)
  from space 32768K, 99% used [0x00000000e5f80000,0x00000000e7f79708,0x00000000e7f80000)
  to   space 39424K, 0% used [0x00000000ea100000,0x00000000ea100000,0x00000000ec780000)
 ParOldGen       total 156672K, used 43885K [0x0000000080000000, 0x0000000089900000, 0x00000000d5580000)
  object space 156672K, 28% used [0x0000000080000000,0x0000000082adb708,0x0000000089900000)
 Metaspace       used 79163K, capacity 83324K, committed 83416K, reserved 1122304K
  class space    used 10488K, capacity 11216K, committed 11264K, reserved 1048576K
}
Event: 213.814 GC heap before
{Heap before GC invocations=19 (full 3):
 PSYoungGen      total 305152K, used 305125K [0x00000000d5580000, 0x00000000ec780000, 0x0000000100000000)
  eden space 272384K, 100% used [0x00000000d5580000,0x00000000e5f80000,0x00000000e5f80000)
  from space 32768K, 99% used [0x00000000e5f80000,0x00000000e7f79708,0x00000000e7f80000)
  to   space 39424K, 0% used [0x00000000ea100000,0x00000000ea100000,0x00000000ec780000)
 ParOldGen       total 156672K, used 43885K [0x0000000080000000, 0x0000000089900000, 0x00000000d5580000)
  object space 156672K, 28% used [0x0000000080000000,0x0000000082adb708,0x0000000089900000)
 Metaspace       used 88388K, capacity 93716K, committed 93784K, reserved 1130496K
  class space    used 11984K, capacity 12906K, committed 12928K, reserved 1048576K
Event: 213.900 GC heap after
Heap after GC invocations=19 (full 3):
 PSYoungGen      total 314880K, used 39405K [0x00000000d5580000, 0x00000000eff80000, 0x0000000100000000)
  eden space 275456K, 0% used [0x00000000d5580000,0x00000000d5580000,0x00000000e6280000)
  from space 39424K, 99% used [0x00000000ea100000,0x00000000ec77b5d8,0x00000000ec780000)
  to   space 64000K, 0% used [0x00000000e6280000,0x00000000e6280000,0x00000000ea100000)
 ParOldGen       total 156672K, used 93864K [0x0000000080000000, 0x0000000089900000, 0x00000000d5580000)
  object space 156672K, 59% used [0x0000000080000000,0x0000000085baa2b8,0x0000000089900000)
 Metaspace       used 88388K, capacity 93716K, committed 93784K, reserved 1130496K
  class space    used 11984K, capacity 12906K, committed 12928K, reserved 1048576K
}
Event: 619.889 GC heap before
{Heap before GC invocations=20 (full 3):
 PSYoungGen      total 314880K, used 314861K [0x00000000d5580000, 0x00000000eff80000, 0x0000000100000000)
  eden space 275456K, 100% used [0x00000000d5580000,0x00000000e6280000,0x00000000e6280000)
  from space 39424K, 99% used [0x00000000ea100000,0x00000000ec77b5d8,0x00000000ec780000)
  to   space 64000K, 0% used [0x00000000e6280000,0x00000000e6280000,0x00000000ea100000)
 ParOldGen       total 156672K, used 93864K [0x0000000080000000, 0x0000000089900000, 0x00000000d5580000)
  object space 156672K, 59% used [0x0000000080000000,0x0000000085baa2b8,0x0000000089900000)
 Metaspace       used 90452K, capacity 95968K, committed 96088K, reserved 1132544K
  class space    used 12186K, capacity 13150K, committed 13184K, reserved 1048576K
Event: 619.957 GC heap after
Heap after GC invocations=20 (full 3):
 PSYoungGen      total 339456K, used 63990K [0x00000000d5580000, 0x00000000f1580000, 0x0000000100000000)
  eden space 275456K, 0% used [0x00000000d5580000,0x00000000d5580000,0x00000000e6280000)
  from space 64000K, 99% used [0x00000000e6280000,0x00000000ea0fd860,0x00000000ea100000)
  to   space 81920K, 0% used [0x00000000ec580000,0x00000000ec580000,0x00000000f1580000)
 ParOldGen       total 156672K, used 112504K [0x0000000080000000, 0x0000000089900000, 0x00000000d5580000)
  object space 156672K, 71% used [0x0000000080000000,0x0000000086dde390,0x0000000089900000)
 Metaspace       used 90452K, capacity 95968K, committed 96088K, reserved 1132544K
  class space    used 12186K, capacity 13150K, committed 13184K, reserved 1048576K
}
Event: 624.130 GC heap before
{Heap before GC invocations=21 (full 3):
 PSYoungGen      total 339456K, used 339446K [0x00000000d5580000, 0x00000000f1580000, 0x0000000100000000)
  eden space 275456K, 100% used [0x00000000d5580000,0x00000000e6280000,0x00000000e6280000)
  from space 64000K, 99% used [0x00000000e6280000,0x00000000ea0fd860,0x00000000ea100000)
  to   space 81920K, 0% used [0x00000000ec580000,0x00000000ec580000,0x00000000f1580000)
 ParOldGen       total 156672K, used 112504K [0x0000000080000000, 0x0000000089900000, 0x00000000d5580000)
  object space 156672K, 71% used [0x0000000080000000,0x0000000086dde390,0x0000000089900000)
 Metaspace       used 91354K, capacity 97024K, committed 97240K, reserved 1132544K
  class space    used 12294K, capacity 13284K, committed 13312K, reserved 1048576K

